  main.cpp
C:\CECS 449 Projects\Unsinkable Ship Project\Unsinkable Ship Project\main.cpp(131,24): warning C4305: 'argument': truncation from 'double' to 'float'
C:\CECS 449 Projects\Unsinkable Ship Project\Unsinkable Ship Project\main.cpp(195,20): warning C4244: 'initializing': conversion from 'double' to 'float', possible loss of data
C:\CECS 449 Projects\Unsinkable Ship Project\Unsinkable Ship Project\main.cpp(388,12): warning C4244: 'argument': conversion from 'time_t' to 'unsigned int', possible loss of data
C:\CECS 449 Projects\Unsinkable Ship Project\Unsinkable Ship Project\main.cpp(449,22): warning C4305: '+=': truncation from 'double' to 'float'
C:\CECS 449 Projects\Unsinkable Ship Project\Unsinkable Ship Project\main.cpp(455,22): warning C4305: '-=': truncation from 'double' to 'float'
C:\CECS 449 Projects\Unsinkable Ship Project\Unsinkable Ship Project\main.cpp(461,23): warning C4305: '+=': truncation from 'double' to 'float'
C:\CECS 449 Projects\Unsinkable Ship Project\Unsinkable Ship Project\main.cpp(467,23): warning C4305: '-=': truncation from 'double' to 'float'
C:\CECS 449 Projects\Unsinkable Ship Project\Unsinkable Ship Project\main.cpp(547,14): warning C4244: '=': conversion from 'double' to 'float', possible loss of data
C:\CECS 449 Projects\Unsinkable Ship Project\Unsinkable Ship Project\main.cpp(550,16): warning C4244: '=': conversion from 'double' to 'float', possible loss of data
C:\CECS 449 Projects\Unsinkable Ship Project\Unsinkable Ship Project\main.cpp(685,43): warning C4101: 'newPos2': unreferenced local variable
C:\CECS 449 Projects\Unsinkable Ship Project\Unsinkable Ship Project\main.cpp(685,34): warning C4101: 'newPos1': unreferenced local variable
C:\Program Files\Microsoft Visual Studio\2022\Professional\VC\Tools\MSVC\14.38.33130\include\memory(3465,56): warning C4244: 'argument': conversion from '_Ty' to 'float_t', possible loss of data
C:\Program Files\Microsoft Visual Studio\2022\Professional\VC\Tools\MSVC\14.38.33130\include\memory(3465,56): warning C4244:         with
C:\Program Files\Microsoft Visual Studio\2022\Professional\VC\Tools\MSVC\14.38.33130\include\memory(3465,56): warning C4244:         [
C:\Program Files\Microsoft Visual Studio\2022\Professional\VC\Tools\MSVC\14.38.33130\include\memory(3465,56): warning C4244:             _Ty=int
C:\Program Files\Microsoft Visual Studio\2022\Professional\VC\Tools\MSVC\14.38.33130\include\memory(3465,56): warning C4244:         ]
  (compiling source file 'main.cpp')
  C:\Program Files\Microsoft Visual Studio\2022\Professional\VC\Tools\MSVC\14.38.33130\include\memory(3465,56):
  the template instantiation context (the oldest one first) is
  	C:\CECS 449 Projects\Unsinkable Ship Project\Unsinkable Ship Project\main.cpp(310,25):
  	see reference to function template instantiation 'std::unique_ptr<RotationAnimation,std::default_delete<RotationAnimation>> std::make_unique<RotationAnimation,_Ty&,int,glm::vec3,0>(_Ty &,int &&,glm::vec3 &&)' being compiled
          with
          [
              _Ty=Object3D
          ]
  
C:\Program Files\Microsoft Visual Studio\2022\Professional\VC\Tools\MSVC\14.38.33130\include\memory(3465,56): warning C4244: 'argument': conversion from '_Ty' to 'float_t', possible loss of data
C:\Program Files\Microsoft Visual Studio\2022\Professional\VC\Tools\MSVC\14.38.33130\include\memory(3465,56): warning C4244:         with
C:\Program Files\Microsoft Visual Studio\2022\Professional\VC\Tools\MSVC\14.38.33130\include\memory(3465,56): warning C4244:         [
C:\Program Files\Microsoft Visual Studio\2022\Professional\VC\Tools\MSVC\14.38.33130\include\memory(3465,56): warning C4244:             _Ty=double
C:\Program Files\Microsoft Visual Studio\2022\Professional\VC\Tools\MSVC\14.38.33130\include\memory(3465,56): warning C4244:         ]
  (compiling source file 'main.cpp')
  C:\Program Files\Microsoft Visual Studio\2022\Professional\VC\Tools\MSVC\14.38.33130\include\memory(3465,56):
  the template instantiation context (the oldest one first) is
  	C:\CECS 449 Projects\Unsinkable Ship Project\Unsinkable Ship Project\main.cpp(324,25):
  	see reference to function template instantiation 'std::unique_ptr<TranslationAnimation,std::default_delete<TranslationAnimation>> std::make_unique<TranslationAnimation,_Ty&,double,glm::vec3,0>(_Ty &,double &&,glm::vec3 &&)' being compiled
          with
          [
              _Ty=Object3D
          ]
  
  Generating code
  1 of 1501 functions (<0.1%) were compiled, the rest were copied from previous compilation.
    0 functions were new in current compilation
    2 functions had inline decision re-evaluated but remain unchanged
  Finished generating code
  Unsinkable Ship Project.vcxproj -> C:\CECS 449 Projects\Unsinkable Ship Project\x64\Release\Unsinkable Ship Project.exe
  'pwsh.exe' is not recognized as an internal or external command,
  operable program or batch file.
